[
  {
    "level": "info",
    "log_string": "Processing request",
    "timestamp": "2023-09-15T08:00:00Z",
    "metadata": {
      "source": "log1.log"
    }
  },
  {
    "level": "error",
    "log_string": "Error occurred while processing request",
    "timestamp": "2023-09-15T08:10:00Z",
    "metadata": {
      "source": "log1.log"
    }
  },
  {
    "level": "error",
    "log_string": "Database connection failed",
    "timestamp": "2023-09-15T08:20:00Z",
    "metadata": {
      "source": "log1.log"
    }
  }
]
